<?xml version="1.0" encoding="UTF-8"?>
<!-- Generated by org.testng.reporters.JUnitXMLReporter -->
<testsuite ignored="3" hostname="DESKTOP-1BLE9HI" failures="0" tests="5" name="Test" time="31.433" errors="0" timestamp="2024-12-09T15:27:22 IST">
  <testcase classname="com.OrengePageTest.BaseClass" name="@BeforeClass SetupPages" time="0.001">
    <failure type="java.lang.NullPointerException" message="Cannot invoke &amp;quot;com.OrengePage.Loginpage.url()&amp;quot; because &amp;quot;this.olp&amp;quot; is null">
      <![CDATA[java.lang.NullPointerException: Cannot invoke "com.OrengePage.Loginpage.url()" because "this.olp" is null
at com.OrengePageTest.BaseClass.SetupPages(BaseClass.java:82)
at java.base/java.util.ArrayList.forEach(ArrayList.java:1511)
... Removed 25 stack frames]]>
    </failure>
  </testcase> <!-- @BeforeClass SetupPages -->
  <testcase classname="com.OrengePageTest.AdminPageTest" name="testadmin" time="0.003"/>
  <testcase classname="com.OrengePageTest.AdminPageTest" name="Teststudent" time="10.071"/>
  <testcase classname="com.OrengePageTest.LoginpageTest" name="teturl" time="0.0">
    <skipped/>
  </testcase> <!-- teturl -->
  <testcase classname="com.OrengePageTest.LoginpageTest" name="testtile" time="0.0">
    <skipped/>
  </testcase> <!-- testtile -->
  <testcase classname="com.OrengePageTest.LoginpageTest" name="Testallfunctions" time="0.0">
    <skipped/>
  </testcase> <!-- Testallfunctions -->
  <testcase classname="com.OrengePageTest.BaseClass" name="@BeforeTest Setupbrowser" time="0.0">
    <ignored/>
  </testcase> <!-- @BeforeTest Setupbrowser -->
  <testcase classname="com.OrengePageTest.BaseClass" name="@AfterSuite exitReport" time="0.0">
    <ignored/>
  </testcase> <!-- @AfterSuite exitReport -->
  <testcase classname="com.OrengePageTest.BaseClass" name="@BeforeSuite reports" time="0.0">
    <ignored/>
  </testcase> <!-- @BeforeSuite reports -->
</testsuite> <!-- Test -->
